  AVector2.cpp
  Matrix.cpp
C:\Users\lukni\OneDrive\Prog\LowLevelProgFolder\LowLevelProg\MmathLib\Quaternion.h(9,2): warning C4099: 'CMath::Quaternion' : nom de type déjà rencontré avec 'class' et utilisant maintenant 'struct'
C:\Users\lukni\OneDrive\Prog\LowLevelProgFolder\LowLevelProg\MmathLib\Quaternion.h(8): message : voir la déclaration de 'CMath::Quaternion'
  MmathLib.cpp
  Quaternion.cpp
C:\Users\lukni\OneDrive\Prog\LowLevelProgFolder\LowLevelProg\MmathLib\Quaternion.h(9,2): warning C4099: 'CMath::Quaternion' : nom de type déjà rencontré avec 'class' et utilisant maintenant 'struct'
C:\Users\lukni\OneDrive\Prog\LowLevelProgFolder\LowLevelProg\MmathLib\Quaternion.h(8): message : voir la déclaration de 'CMath::Quaternion'
C:\Users\lukni\OneDrive\Prog\LowLevelProgFolder\LowLevelProg\MmathLib\Quaternion.cpp(117,20): warning C4244: 'argument' : conversion de 'double' en 'float', perte possible de données
C:\Users\lukni\OneDrive\Prog\LowLevelProgFolder\LowLevelProg\MmathLib\Quaternion.cpp(118,20): warning C4244: 'argument' : conversion de 'double' en 'float', perte possible de données
C:\Users\lukni\OneDrive\Prog\LowLevelProgFolder\LowLevelProg\MmathLib\Quaternion.cpp(119,20): warning C4244: 'argument' : conversion de 'double' en 'float', perte possible de données
C:\Users\lukni\OneDrive\Prog\LowLevelProgFolder\LowLevelProg\MmathLib\Quaternion.cpp(121,20): warning C4244: 'argument' : conversion de 'double' en 'float', perte possible de données
C:\Users\lukni\OneDrive\Prog\LowLevelProgFolder\LowLevelProg\MmathLib\Quaternion.cpp(122,20): warning C4244: 'argument' : conversion de 'double' en 'float', perte possible de données
C:\Users\lukni\OneDrive\Prog\LowLevelProgFolder\LowLevelProg\MmathLib\Quaternion.cpp(123,20): warning C4244: 'argument' : conversion de 'double' en 'float', perte possible de données
C:\Users\lukni\OneDrive\Prog\LowLevelProgFolder\LowLevelProg\MmathLib\Quaternion.cpp(130,24): warning C4244: '=' : conversion de 'double' en 'float', perte possible de données
C:\Users\lukni\OneDrive\Prog\LowLevelProgFolder\LowLevelProg\MmathLib\Quaternion.cpp(131,24): warning C4244: '=' : conversion de 'double' en 'float', perte possible de données
C:\Users\lukni\OneDrive\Prog\LowLevelProgFolder\LowLevelProg\MmathLib\Quaternion.cpp(132,24): warning C4244: '=' : conversion de 'double' en 'float', perte possible de données
C:\Users\lukni\OneDrive\Prog\LowLevelProgFolder\LowLevelProg\MmathLib\Quaternion.cpp(133,24): warning C4244: '=' : conversion de 'double' en 'float', perte possible de données
C:\Users\lukni\OneDrive\Prog\LowLevelProgFolder\LowLevelProg\MmathLib\Quaternion.cpp(255,10): warning C4244: 'argument' : conversion de 'double' en 'float', perte possible de données
C:\Users\lukni\OneDrive\Prog\LowLevelProgFolder\LowLevelProg\MmathLib\Quaternion.cpp(261,11): warning C4244: 'return' : conversion de 'double' en 'float', perte possible de données
C:\Users\lukni\OneDrive\Prog\LowLevelProgFolder\LowLevelProg\MmathLib\Quaternion.cpp(263,11): warning C4244: 'argument' : conversion de 'double' en 'float', perte possible de données
C:\Users\lukni\OneDrive\Prog\LowLevelProgFolder\LowLevelProg\MmathLib\Quaternion.cpp(269,10): warning C4244: 'argument' : conversion de 'double' en 'float', perte possible de données
  UnitTest.cpp
C:\Users\lukni\OneDrive\Prog\LowLevelProgFolder\LowLevelProg\MmathLib\Quaternion.h(9,2): warning C4099: 'CMath::Quaternion' : nom de type déjà rencontré avec 'class' et utilisant maintenant 'struct'
C:\Users\lukni\OneDrive\Prog\LowLevelProgFolder\LowLevelProg\MmathLib\Quaternion.h(8): message : voir la déclaration de 'CMath::Quaternion'
  Vector2.cpp
  Vector3.cpp
  Vector4.cpp
  MmathLib.vcxproj -> C:\Users\lukni\OneDrive\Prog\LowLevelProgFolder\LowLevelProg\Libs\CustomMaths\x64\Release\MmathLib.lib
