  AVector2.cpp
  Matrix.cpp
C:\Users\lukni\OneDrive\Prog\LowLevelProgFolder\LowLevelProg\MmathLib\Quaternion.h(9,2): warning C4099: 'CMath::Quaternion' : nom de type déjà rencontré avec 'class' et utilisant maintenant 'struct'
C:\Users\lukni\OneDrive\Prog\LowLevelProgFolder\LowLevelProg\MmathLib\Quaternion.h(8): message : voir la déclaration de 'CMath::Quaternion'
  MmathLib.cpp
  Quaternion.cpp
C:\Users\lukni\OneDrive\Prog\LowLevelProgFolder\LowLevelProg\MmathLib\Quaternion.h(9,2): warning C4099: 'CMath::Quaternion' : nom de type déjà rencontré avec 'class' et utilisant maintenant 'struct'
C:\Users\lukni\OneDrive\Prog\LowLevelProgFolder\LowLevelProg\MmathLib\Quaternion.h(8): message : voir la déclaration de 'CMath::Quaternion'
C:\Users\lukni\OneDrive\Prog\LowLevelProgFolder\LowLevelProg\MmathLib\Quaternion.cpp(119,20): warning C4244: 'argument' : conversion de 'double' en 'float', perte possible de données
C:\Users\lukni\OneDrive\Prog\LowLevelProgFolder\LowLevelProg\MmathLib\Quaternion.cpp(120,20): warning C4244: 'argument' : conversion de 'double' en 'float', perte possible de données
C:\Users\lukni\OneDrive\Prog\LowLevelProgFolder\LowLevelProg\MmathLib\Quaternion.cpp(121,20): warning C4244: 'argument' : conversion de 'double' en 'float', perte possible de données
C:\Users\lukni\OneDrive\Prog\LowLevelProgFolder\LowLevelProg\MmathLib\Quaternion.cpp(123,20): warning C4244: 'argument' : conversion de 'double' en 'float', perte possible de données
C:\Users\lukni\OneDrive\Prog\LowLevelProgFolder\LowLevelProg\MmathLib\Quaternion.cpp(124,20): warning C4244: 'argument' : conversion de 'double' en 'float', perte possible de données
C:\Users\lukni\OneDrive\Prog\LowLevelProgFolder\LowLevelProg\MmathLib\Quaternion.cpp(125,20): warning C4244: 'argument' : conversion de 'double' en 'float', perte possible de données
C:\Users\lukni\OneDrive\Prog\LowLevelProgFolder\LowLevelProg\MmathLib\Quaternion.cpp(132,24): warning C4244: '=' : conversion de 'double' en 'float', perte possible de données
C:\Users\lukni\OneDrive\Prog\LowLevelProgFolder\LowLevelProg\MmathLib\Quaternion.cpp(133,24): warning C4244: '=' : conversion de 'double' en 'float', perte possible de données
C:\Users\lukni\OneDrive\Prog\LowLevelProgFolder\LowLevelProg\MmathLib\Quaternion.cpp(134,24): warning C4244: '=' : conversion de 'double' en 'float', perte possible de données
C:\Users\lukni\OneDrive\Prog\LowLevelProgFolder\LowLevelProg\MmathLib\Quaternion.cpp(135,24): warning C4244: '=' : conversion de 'double' en 'float', perte possible de données
C:\Users\lukni\OneDrive\Prog\LowLevelProgFolder\LowLevelProg\MmathLib\Quaternion.cpp(258,10): warning C4244: 'argument' : conversion de 'double' en 'float', perte possible de données
C:\Users\lukni\OneDrive\Prog\LowLevelProgFolder\LowLevelProg\MmathLib\Quaternion.cpp(264,11): warning C4244: 'return' : conversion de 'double' en 'float', perte possible de données
C:\Users\lukni\OneDrive\Prog\LowLevelProgFolder\LowLevelProg\MmathLib\Quaternion.cpp(266,11): warning C4244: 'argument' : conversion de 'double' en 'float', perte possible de données
C:\Users\lukni\OneDrive\Prog\LowLevelProgFolder\LowLevelProg\MmathLib\Quaternion.cpp(272,10): warning C4244: 'argument' : conversion de 'double' en 'float', perte possible de données
  UnitTest.cpp
C:\Users\lukni\OneDrive\Prog\LowLevelProgFolder\LowLevelProg\MmathLib\Quaternion.h(9,2): warning C4099: 'CMath::Quaternion' : nom de type déjà rencontré avec 'class' et utilisant maintenant 'struct'
C:\Users\lukni\OneDrive\Prog\LowLevelProgFolder\LowLevelProg\MmathLib\Quaternion.h(8): message : voir la déclaration de 'CMath::Quaternion'
  Vector2.cpp
  Vector3.cpp
  Vector4.cpp
  Génération de code en cours...
C:\Users\lukni\OneDrive\Prog\LowLevelProgFolder\LowLevelProg\MmathLib\Vector4.cpp(296): warning C4172: retourne l'adresse d'une variable locale ou : temp temporaire
C:\Users\lukni\OneDrive\Prog\LowLevelProgFolder\LowLevelProg\MmathLib\Vector3.cpp(386): warning C4172: retourne l'adresse d'une variable locale ou : temp temporaire
  MmathLib.vcxproj -> C:\Users\lukni\OneDrive\Prog\LowLevelProgFolder\LowLevelProg\Libs\CustomMaths\x64\Debug\MmathLib.lib
